{"C:\\Users\\maxim\\www\\JS-Expert\\TAJS\\modulo04-tdd-bdd\\aula01-tdd\\src\\api.js": {"path":"C:\\Users\\maxim\\www\\JS-Expert\\TAJS\\modulo04-tdd-bdd\\aula01-tdd\\src\\api.js","all":false,"statementMap":{"0":{"start":{"line":1,"column":0},"end":{"line":1,"column":40}},"1":{"start":{"line":2,"column":0},"end":{"line":2,"column":34}},"2":{"start":{"line":3,"column":0},"end":{"line":3,"column":40}},"3":{"start":{"line":4,"column":0},"end":{"line":4,"column":0}},"4":{"start":{"line":5,"column":0},"end":{"line":5,"column":0}},"5":{"start":{"line":6,"column":0},"end":{"line":6,"column":18}},"6":{"start":{"line":7,"column":0},"end":{"line":7,"column":0}},"7":{"start":{"line":8,"column":0},"end":{"line":8,"column":36}},"8":{"start":{"line":9,"column":0},"end":{"line":9,"column":75}},"9":{"start":{"line":10,"column":0},"end":{"line":10,"column":19}},"10":{"start":{"line":11,"column":0},"end":{"line":11,"column":51}},"11":{"start":{"line":12,"column":0},"end":{"line":12,"column":5}},"12":{"start":{"line":13,"column":0},"end":{"line":13,"column":0}},"13":{"start":{"line":14,"column":0},"end":{"line":14,"column":33}},"14":{"start":{"line":15,"column":0},"end":{"line":15,"column":28}},"15":{"start":{"line":16,"column":0},"end":{"line":16,"column":5}},"16":{"start":{"line":17,"column":0},"end":{"line":17,"column":13}},"17":{"start":{"line":18,"column":0},"end":{"line":18,"column":1}},"18":{"start":{"line":19,"column":0},"end":{"line":19,"column":0}},"19":{"start":{"line":20,"column":0},"end":{"line":20,"column":58}},"20":{"start":{"line":21,"column":0},"end":{"line":21,"column":9}},"21":{"start":{"line":22,"column":0},"end":{"line":22,"column":68}},"22":{"start":{"line":23,"column":0},"end":{"line":23,"column":64}},"23":{"start":{"line":24,"column":0},"end":{"line":24,"column":33}},"24":{"start":{"line":25,"column":0},"end":{"line":25,"column":24}},"25":{"start":{"line":26,"column":0},"end":{"line":26,"column":33}},"26":{"start":{"line":27,"column":0},"end":{"line":27,"column":56}},"27":{"start":{"line":28,"column":0},"end":{"line":28,"column":13}},"28":{"start":{"line":29,"column":0},"end":{"line":29,"column":37}},"29":{"start":{"line":30,"column":0},"end":{"line":30,"column":37}},"30":{"start":{"line":31,"column":0},"end":{"line":31,"column":50}},"31":{"start":{"line":32,"column":0},"end":{"line":32,"column":14}},"32":{"start":{"line":33,"column":0},"end":{"line":33,"column":41}},"33":{"start":{"line":34,"column":0},"end":{"line":34,"column":34}},"34":{"start":{"line":35,"column":0},"end":{"line":35,"column":15}},"35":{"start":{"line":36,"column":0},"end":{"line":36,"column":18}},"36":{"start":{"line":37,"column":0},"end":{"line":37,"column":9}},"37":{"start":{"line":38,"column":0},"end":{"line":38,"column":0}},"38":{"start":{"line":39,"column":0},"end":{"line":39,"column":75}},"39":{"start":{"line":40,"column":0},"end":{"line":40,"column":51}},"40":{"start":{"line":41,"column":0},"end":{"line":41,"column":61}},"41":{"start":{"line":42,"column":0},"end":{"line":42,"column":46}},"42":{"start":{"line":43,"column":0},"end":{"line":43,"column":18}},"43":{"start":{"line":44,"column":0},"end":{"line":44,"column":9}},"44":{"start":{"line":45,"column":0},"end":{"line":45,"column":21}},"45":{"start":{"line":46,"column":0},"end":{"line":46,"column":45}},"46":{"start":{"line":47,"column":0},"end":{"line":47,"column":37}},"47":{"start":{"line":48,"column":0},"end":{"line":48,"column":50}},"48":{"start":{"line":49,"column":0},"end":{"line":49,"column":14}},"49":{"start":{"line":50,"column":0},"end":{"line":50,"column":41}},"50":{"start":{"line":51,"column":0},"end":{"line":51,"column":38}},"51":{"start":{"line":52,"column":0},"end":{"line":52,"column":15}},"52":{"start":{"line":53,"column":0},"end":{"line":53,"column":18}},"53":{"start":{"line":54,"column":0},"end":{"line":54,"column":9}},"54":{"start":{"line":55,"column":0},"end":{"line":55,"column":31}},"55":{"start":{"line":56,"column":0},"end":{"line":56,"column":33}},"56":{"start":{"line":57,"column":0},"end":{"line":57,"column":5}},"57":{"start":{"line":58,"column":0},"end":{"line":58,"column":0}},"58":{"start":{"line":59,"column":0},"end":{"line":59,"column":31}},"59":{"start":{"line":60,"column":0},"end":{"line":60,"column":2}},"60":{"start":{"line":61,"column":0},"end":{"line":61,"column":0}},"61":{"start":{"line":62,"column":0},"end":{"line":62,"column":0}},"62":{"start":{"line":63,"column":0},"end":{"line":63,"column":0}},"63":{"start":{"line":64,"column":0},"end":{"line":64,"column":17}}},"s":{"0":1,"1":1,"2":1,"3":1,"4":1,"5":1,"6":1,"7":2,"8":2,"9":2,"10":1,"11":1,"12":1,"13":2,"14":1,"15":1,"16":0,"17":0,"18":1,"19":1,"20":3,"21":3,"22":2,"23":2,"24":2,"25":2,"26":2,"27":2,"28":2,"29":2,"30":2,"31":2,"32":2,"33":2,"34":2,"35":2,"36":2,"37":1,"38":3,"39":1,"40":1,"41":1,"42":1,"43":1,"44":3,"45":1,"46":1,"47":1,"48":1,"49":1,"50":1,"51":1,"52":1,"53":1,"54":0,"55":0,"56":0,"57":0,"58":0,"59":0,"60":1,"61":1,"62":1,"63":1},"branchMap":{"0":{"type":"branch","line":8,"loc":{"start":{"line":8,"column":0},"end":{"line":18,"column":1}},"locations":[{"start":{"line":8,"column":0},"end":{"line":18,"column":1}}]},"1":{"type":"branch","line":10,"loc":{"start":{"line":10,"column":18},"end":{"line":14,"column":30}},"locations":[{"start":{"line":10,"column":18},"end":{"line":14,"column":30}}]},"2":{"type":"branch","line":14,"loc":{"start":{"line":14,"column":32},"end":{"line":16,"column":5}},"locations":[{"start":{"line":14,"column":32},"end":{"line":16,"column":5}}]},"3":{"type":"branch","line":16,"loc":{"start":{"line":16,"column":4},"end":{"line":18,"column":1}},"locations":[{"start":{"line":16,"column":4},"end":{"line":18,"column":1}}]},"4":{"type":"branch","line":20,"loc":{"start":{"line":20,"column":28},"end":{"line":60,"column":2}},"locations":[{"start":{"line":20,"column":28},"end":{"line":60,"column":2}}]},"5":{"type":"branch","line":22,"loc":{"start":{"line":22,"column":36},"end":{"line":22,"column":65}},"locations":[{"start":{"line":22,"column":36},"end":{"line":22,"column":65}}]},"6":{"type":"branch","line":22,"loc":{"start":{"line":22,"column":67},"end":{"line":37,"column":9}},"locations":[{"start":{"line":22,"column":67},"end":{"line":37,"column":9}}]},"7":{"type":"branch","line":37,"loc":{"start":{"line":37,"column":8},"end":{"line":39,"column":72}},"locations":[{"start":{"line":37,"column":8},"end":{"line":39,"column":72}}]},"8":{"type":"branch","line":39,"loc":{"start":{"line":39,"column":74},"end":{"line":44,"column":9}},"locations":[{"start":{"line":39,"column":74},"end":{"line":44,"column":9}}]},"9":{"type":"branch","line":45,"loc":{"start":{"line":45,"column":6},"end":{"line":57,"column":5}},"locations":[{"start":{"line":45,"column":6},"end":{"line":57,"column":5}}]},"10":{"type":"branch","line":54,"loc":{"start":{"line":54,"column":8},"end":{"line":57,"column":5}},"locations":[{"start":{"line":54,"column":8},"end":{"line":57,"column":5}}]},"11":{"type":"branch","line":57,"loc":{"start":{"line":57,"column":4},"end":{"line":60,"column":2}},"locations":[{"start":{"line":57,"column":4},"end":{"line":60,"column":2}}]},"12":{"type":"branch","line":41,"loc":{"start":{"line":41,"column":38},"end":{"line":41,"column":60}},"locations":[{"start":{"line":41,"column":38},"end":{"line":41,"column":60}}]}},"b":{"0":[2],"1":[1],"2":[1],"3":[0],"4":[3],"5":[2],"6":[2],"7":[1],"8":[1],"9":[1],"10":[0],"11":[0],"12":[1]},"fnMap":{"0":{"name":"getUserCategory","decl":{"start":{"line":8,"column":0},"end":{"line":18,"column":1}},"loc":{"start":{"line":8,"column":0},"end":{"line":18,"column":1}},"line":8}},"f":{"0":2}}
}
